// Simulate a player's health
let playerHealth = 100; // Initial health

// Function to calculate damage
function calculateDamage(attackType) {
    let damage = 0;

    // Calculate damage based on attack type
    if (attackType === 1) {
        damage = 5; // Light attack
    } else if (attackType === 2) {
        damage = 10; // Medium attack
    } else if (attackType === 3) {
        damage = 15; // Heavy attack
    }

    // Deduct damage from player's health
    playerHealth -= damage;

    // Check if player is defeated
    if (playerHealth <= 0) {
        console.log("Player defeated!");
    }

    return damage;
}

// Function to play sound effects
function playSoundEffect(sound) {
    // Code to play the specified sound effect (simulated)
    console.log("Playing sound effect: " + sound);
}

// Function to handle frame-perfect parry blocking (simulated)
function parryBlock() {
    console.log("Parry block successful!");
}

// Function to handle counter-attack (simulated)
function counterAttack() {
    console.log("Counter attack successful!");
}

// Function to play idle animation (simulated)
function playIdleAnimation() {
    console.log("Playing idle animation");
}

// Function to play win animation (simulated)
function playWinAnimation() {
    console.log("Playing win animation");
}

// Function to play lose animation (simulated)
function playLoseAnimation() {
    console.log("Playing lose animation");
}

// Function to handle gesture input and output game controls
function handleGestureInput(gestureType) {
    // Code to handle gesture input and output game controls
    switch (gestureType) {
        case 1:
            swipeLeft();
            break;
        case 2:
            swipeRight();
            break;
        case 3:
            swipeUp();
            break;
        case 4:
            swipeDown();
            break;
        case 5:
            triggerHapticFeedback();
            break;
        case 6:
            // Handle scroll up action (simulated)
            console.log("Scroll up action");
            break;
        case 7:
            // Handle scroll down action (simulated)
            console.log("Scroll down action");
            break;
        default:
            console.log("Invalid gesture input");
            break;
    }
}

// Simulate gesture detection (replace with actual detection)
function detectGestureInput() {
    // Replace with your actual gesture detection logic
    return Math.floor(Math.random() * 7) + 1; // Simulated random gesture
}

// Simulate a game loop
function gameLoop() {
    // Game logic

    // Check for gesture input
    const gestureType = detectGestureInput();

    // Handle gesture input and output game controls
    handleGestureInput(gestureType);

    // Continue the game loop (simulated, replace with actual loop control)
    setTimeout(gameLoop, 1000); // Simulated 1-second interval
}

// Start the game loop
gameLoop();
